Model Name:	SonyA7S2_Mix_Unet
Architecture:	UNetSeeInDark
TrainDataset:	Mix_Dataset
EvalDataset:	ELD_Dataset
CameraType:	SonyA7S2
num_channels:	32
BatchSize:	1
PatchSize:	512
LearningRate:	0.0002
Epoch:		1800
num_workers:	0
Command:	augv1.2, idremap, darkshading2
Let's use 1 GPUs!
2022-04-19 16:02:54 >>  ELD Datasets: Dgain=100
2022-04-19 16:06:37 >>  Epoch -1: PSNR=46.50
psnrs_lr=30.98, psnrs_dn=46.50
ssims_lr=0.4878, ssims_dn=0.9852
2022-04-19 16:06:37 >>  ELD Datasets: Dgain=200
2022-04-19 16:09:52 >>  Epoch -1: PSNR=44.51
psnrs_lr=25.95, psnrs_dn=44.51
ssims_lr=0.2195, ssims_dn=0.9708
2022-04-24 20:32:37 >>  Epoch 100: PSNR=44.91
psnrs_lr=27.15, psnrs_dn=44.91
ssims_lr=0.2102, ssims_dn=0.9418
2022-04-24 22:31:14 >>  Epoch 200: PSNR=46.53
psnrs_lr=27.15, psnrs_dn=46.53
ssims_lr=0.2102, ssims_dn=0.9597
2022-04-25 00:26:37 >>  Epoch 300: PSNR=47.01
psnrs_lr=27.15, psnrs_dn=47.01
ssims_lr=0.2102, ssims_dn=0.9609
2022-04-25 02:21:00 >>  Epoch 400: PSNR=46.77
psnrs_lr=27.15, psnrs_dn=46.77
ssims_lr=0.2102, ssims_dn=0.9576
2022-04-25 04:12:15 >>  Epoch 500: PSNR=46.91
psnrs_lr=27.15, psnrs_dn=46.91
ssims_lr=0.2102, ssims_dn=0.9614
2022-04-25 06:00:09 >>  Epoch 600: PSNR=47.56
psnrs_lr=27.15, psnrs_dn=47.56
ssims_lr=0.2102, ssims_dn=0.9694
2022-04-25 06:00:11 >>  Successfully reload best model (Eval PSNR:47.56400426769785)
2022-04-25 07:46:07 >>  Epoch 700: PSNR=47.03
psnrs_lr=27.15, psnrs_dn=47.03
ssims_lr=0.2102, ssims_dn=0.9572
2022-04-25 09:31:38 >>  Epoch 800: PSNR=46.92
psnrs_lr=27.15, psnrs_dn=46.92
ssims_lr=0.2102, ssims_dn=0.9635
2022-04-25 11:17:22 >>  Epoch 900: PSNR=46.27
psnrs_lr=27.15, psnrs_dn=46.27
ssims_lr=0.2102, ssims_dn=0.9451
2022-04-25 13:06:57 >>  Epoch 1000: PSNR=47.11
psnrs_lr=27.15, psnrs_dn=47.11
ssims_lr=0.2102, ssims_dn=0.9640
2022-04-25 15:14:18 >>  Epoch 1100: PSNR=47.58
psnrs_lr=27.15, psnrs_dn=47.58
ssims_lr=0.2102, ssims_dn=0.9674
2022-04-25 17:18:26 >>  Epoch 1200: PSNR=47.19
psnrs_lr=27.15, psnrs_dn=47.19
ssims_lr=0.2102, ssims_dn=0.9660
2022-04-25 17:18:28 >>  Successfully reload best model (Eval PSNR:47.57948783917096)
2022-04-25 19:15:31 >>  Epoch 1300: PSNR=47.85
psnrs_lr=27.15, psnrs_dn=47.85
ssims_lr=0.2102, ssims_dn=0.9704
2022-04-25 21:09:56 >>  Epoch 1400: PSNR=46.63
psnrs_lr=27.15, psnrs_dn=46.63
ssims_lr=0.2102, ssims_dn=0.9491
2022-04-25 22:53:28 >>  Epoch 1500: PSNR=46.90
psnrs_lr=27.15, psnrs_dn=46.90
ssims_lr=0.2102, ssims_dn=0.9550
2022-04-26 00:26:23 >>  Epoch 1600: PSNR=47.43
psnrs_lr=27.15, psnrs_dn=47.43
ssims_lr=0.2102, ssims_dn=0.9614
2022-04-26 01:59:10 >>  Epoch 1700: PSNR=47.87
psnrs_lr=27.15, psnrs_dn=47.87
ssims_lr=0.2102, ssims_dn=0.9688
2022-04-26 03:31:02 >>  Epoch 1800: PSNR=47.10
psnrs_lr=27.15, psnrs_dn=47.10
ssims_lr=0.2102, ssims_dn=0.9573
2022-04-26 03:31:04 >>  Successfully reload best model (Eval PSNR:47.865626739077356)
2022-04-26 03:31:08 >>  ELD Datasets: Dgain=100
2022-04-26 03:33:20 >>  Epoch -1: PSNR=46.22
psnrs_lr=30.98, psnrs_dn=46.22
ssims_lr=0.4878, ssims_dn=0.9829
2022-04-26 03:33:20 >>  ELD Datasets: Dgain=200
2022-04-26 03:35:27 >>  Epoch -1: PSNR=44.28
psnrs_lr=25.95, psnrs_dn=44.28
ssims_lr=0.2195, ssims_dn=0.9671
2022-04-26 03:35:32 >>  SID Datasets: Dgain=100
2022-04-26 03:38:21 >>  Epoch -1: PSNR=42.00
psnrs_lr=29.21, psnrs_dn=42.00
ssims_lr=0.5213, ssims_dn=0.9548
2022-04-26 03:38:21 >>  SID Datasets: Dgain=250
2022-04-26 03:41:04 >>  Epoch -1: PSNR=40.67
psnrs_lr=23.77, psnrs_dn=40.67
ssims_lr=0.3286, ssims_dn=0.9434
2022-04-26 03:41:05 >>  SID Datasets: Dgain=300
2022-04-26 03:44:27 >>  Epoch -1: PSNR=37.22
psnrs_lr=22.26, psnrs_dn=37.22
ssims_lr=0.2691, ssims_dn=0.9281
Model Name:	SonyA7S2_Mix_Unet
Architecture:	UNetSeeInDark
TrainDataset:	Mix_Dataset
EvalDataset:	ELD_Dataset
CameraType:	SonyA7S2
num_channels:	32
BatchSize:	1
PatchSize:	512
LearningRate:	0.0002
Epoch:		1800
num_workers:	4
Command:	augv1.2, idremap, darkshading2
Let's use 4 GPUs!
2022-10-18 09:11:20 >>  ELD Datasets: Dgain=100
Model Name:	SonyA7S2_Mix_Unet
Architecture:	UNetSeeInDark
TrainDataset:	Mix_Dataset
EvalDataset:	ELD_Dataset
CameraType:	SonyA7S2
num_channels:	32
BatchSize:	1
PatchSize:	512
LearningRate:	0.0002
Epoch:		1800
num_workers:	4
Command:	augv1.2, idremap, darkshading2
Let's use 4 GPUs!
2022-10-18 09:14:58 >>  ELD Datasets: Dgain=100
Model Name:	SonyA7S2_Mix_Unet
Architecture:	UNetSeeInDark
TrainDataset:	Mix_Dataset
EvalDataset:	ELD_Dataset
CameraType:	SonyA7S2
num_channels:	32
BatchSize:	1
PatchSize:	512
LearningRate:	0.0002
Epoch:		1800
num_workers:	4
Command:	augv1.2, idremap, darkshading2
Let's use 4 GPUs!
Model Name:	SonyA7S2_Mix_Unet
Architecture:	UNetSeeInDark
TrainDataset:	Mix_Dataset
EvalDataset:	ELD_Dataset
CameraType:	SonyA7S2
num_channels:	32
BatchSize:	1
PatchSize:	512
LearningRate:	0.0002
Epoch:		1800
num_workers:	4
Command:	augv1.2, idremap, darkshading2
Let's use 4 GPUs!
Model Name:	SonyA7S2_Mix_Unet
Architecture:	UNetSeeInDark
TrainDataset:	Mix_Dataset
EvalDataset:	ELD_Dataset
CameraType:	SonyA7S2
num_channels:	32
BatchSize:	1
PatchSize:	512
LearningRate:	0.0002
Epoch:		180
num_workers:	4
Command:	augv1.2, idremap, darkshading2
Let's use 4 GPUs!
2022-10-18 11:01:09 >>  Successfully reload best model (Eval PSNR:0.0)
Model Name:	SonyA7S2_Mix_Unet
Architecture:	UNetSeeInDark
TrainDataset:	Mix_Dataset
EvalDataset:	ELD_Dataset
CameraType:	SonyA7S2
num_channels:	32
BatchSize:	1
PatchSize:	512
LearningRate:	0.0001
Epoch:		180
num_workers:	4
Command:	augv1.2, idremap, darkshading2
Let's use 4 GPUs!
2022-10-18 11:26:03 >>  ELD Datasets: Dgain=100
Model Name:	SonyA7S2_Mix_Unet
Architecture:	UNetSeeInDark
TrainDataset:	Mix_Dataset
EvalDataset:	ELD_Dataset
CameraType:	SonyA7S2
num_channels:	32
BatchSize:	1
PatchSize:	512
LearningRate:	0.0001
Epoch:		180
num_workers:	4
Command:	augv1.2, idremap, darkshading2
Let's use 4 GPUs!
2022-10-18 11:27:28 >>  ELD Datasets: Dgain=100
Model Name:	SonyA7S2_Mix_Unet
Architecture:	UNetSeeInDark
TrainDataset:	Mix_Dataset
EvalDataset:	ELD_Dataset
CameraType:	SonyA7S2
num_channels:	32
BatchSize:	1
PatchSize:	512
LearningRate:	0.0001
Epoch:		180
num_workers:	4
Command:	augv1.2, idremap, darkshading2
Let's use 4 GPUs!
2022-10-18 13:23:29 >>  ELD Datasets: Dgain=100
2022-10-18 13:25:40 >>  Epoch -1: PSNR=46.50
psnrs_lr=31.22, psnrs_dn=46.50
ssims_lr=0.5146, ssims_dn=0.9852
2022-10-18 13:25:40 >>  ELD Datasets: Dgain=200
2022-10-18 13:27:49 >>  Epoch -1: PSNR=44.51
psnrs_lr=26.28, psnrs_dn=44.51
ssims_lr=0.2401, ssims_dn=0.9708
2022-10-18 13:27:51 >>  SID Datasets: Dgain=100
Model Name:	SonyA7S2_Mix_Unet
Architecture:	UNetSeeInDark
TrainDataset:	Mix_Dataset
EvalDataset:	ELD_Dataset
CameraType:	SonyA7S2
num_channels:	32
BatchSize:	1
PatchSize:	512
LearningRate:	0.0002
Epoch:		180
num_workers:	4
Command:	augv1.2, idremap, darkshading2
Let's use 4 GPUs!
2022-10-19 16:35:04 >>  Successfully reload best model (Eval PSNR:0.0)
2022-10-19 16:58:58 >>  Epoch 100: PSNR=48.28
psnrs_lr=27.15, psnrs_dn=48.28
ssims_lr=0.2102, ssims_dn=0.9669
2022-10-19 17:10:06 >>  Successfully reload best model (Eval PSNR:48.27712555508134)
2022-10-19 17:37:19 >>  Successfully reload best model (Eval PSNR:48.27712555508134)
2022-10-19 17:37:20 >>  ELD Datasets: Dgain=100
2022-10-19 17:39:32 >>  Epoch -1: PSNR=46.56
psnrs_lr=31.22, psnrs_dn=46.56
ssims_lr=0.5146, ssims_dn=0.9843
2022-10-19 17:39:33 >>  ELD Datasets: Dgain=200
2022-10-19 17:41:45 >>  Epoch -1: PSNR=44.45
psnrs_lr=26.28, psnrs_dn=44.45
ssims_lr=0.2401, ssims_dn=0.9631
Model Name:	SonyA7S2_Mix_Unet
Architecture:	UNetSeeInDark
TrainDataset:	Mix_Dataset
EvalDataset:	ELD_Dataset
CameraType:	SonyA7S2
num_channels:	32
BatchSize:	1
PatchSize:	512
LearningRate:	0.0002
Epoch:		180
num_workers:	4
Command:	augv1.2, idremap, darkshading2
Let's use 4 GPUs!
2022-11-08 10:34:09 >>  Successfully reload best model (Eval PSNR:0.0)
2022-11-08 14:46:22 >>  Epoch 100: PSNR=47.74
psnrs_lr=27.15, psnrs_dn=47.74
ssims_lr=0.2102, ssims_dn=0.9586
2022-11-08 14:54:38 >>  Successfully reload best model (Eval PSNR:47.7423727697151)
2022-11-08 15:19:27 >>  Successfully reload best model (Eval PSNR:47.7423727697151)
2022-11-08 15:19:28 >>  ELD Datasets: Dgain=100
2022-11-08 15:21:36 >>  Epoch -1: PSNR=46.50
psnrs_lr=31.22, psnrs_dn=46.50
ssims_lr=0.5146, ssims_dn=0.9846
2022-11-08 15:21:36 >>  ELD Datasets: Dgain=200
2022-11-08 15:23:45 >>  Epoch -1: PSNR=44.37
psnrs_lr=26.28, psnrs_dn=44.37
ssims_lr=0.2401, ssims_dn=0.9633
Model Name:	SonyA7S2_Mix_Unet
Architecture:	UNetSeeInDark
TrainDataset:	Mix_Dataset
EvalDataset:	ELD_Dataset
CameraType:	SonyA7S2
num_channels:	32
BatchSize:	1
PatchSize:	512
LearningRate:	0.0002
Epoch:		180
num_workers:	4
Command:	augv1.2, idremap, darkshading2
Let's use 4 GPUs!
2022-11-08 15:25:22 >>  ELD Datasets: Dgain=100
2022-11-08 15:27:33 >>  Epoch -1: PSNR=46.50
psnrs_lr=31.22, psnrs_dn=46.50
ssims_lr=0.5146, ssims_dn=0.9846
2022-11-08 15:27:33 >>  ELD Datasets: Dgain=200
2022-11-08 15:29:42 >>  Epoch -1: PSNR=44.37
psnrs_lr=26.28, psnrs_dn=44.37
ssims_lr=0.2401, ssims_dn=0.9633
Model Name:	SonyA7S2_Mix_Unet
Architecture:	UNetSeeInDark
TrainDataset:	Mix_Dataset
EvalDataset:	ELD_Dataset
CameraType:	SonyA7S2
num_channels:	32
BatchSize:	1
PatchSize:	512
LearningRate:	0.0002
Epoch:		180
num_workers:	4
Command:	augv1.2, idremap, darkshading2
Let's use 4 GPUs!
2022-11-08 15:30:03 >>  SID Datasets: Dgain=100
2022-11-08 15:32:55 >>  Epoch -1: PSNR=43.13
psnrs_lr=29.35, psnrs_dn=43.13
ssims_lr=0.5259, ssims_dn=0.9592
2022-11-08 15:32:55 >>  SID Datasets: Dgain=250
2022-11-08 15:35:41 >>  Epoch -1: PSNR=40.85
psnrs_lr=24.00, psnrs_dn=40.85
ssims_lr=0.3346, ssims_dn=0.9469
2022-11-08 15:35:41 >>  SID Datasets: Dgain=300
2022-11-08 15:39:18 >>  Epoch -1: PSNR=37.77
psnrs_lr=22.48, psnrs_dn=37.77
ssims_lr=0.2757, ssims_dn=0.9338
Model Name:	SonyA7S2_Mix_Unet
Architecture:	UNetSeeInDark
TrainDataset:	Mix_Dataset
EvalDataset:	ELD_Dataset
CameraType:	SonyA7S2
num_channels:	32
BatchSize:	1
PatchSize:	512
LearningRate:	0.0001
Epoch:		1800
num_workers:	4
Command:	augv1.2, idremap, darkshading2
Let's use 4 GPUs!
2022-11-08 17:28:17 >>  Epoch 700: PSNR=47.27
psnrs_lr=27.15, psnrs_dn=47.27
ssims_lr=0.2102, ssims_dn=0.9548
2022-11-08 21:10:23 >>  Epoch 800: PSNR=48.02
psnrs_lr=27.15, psnrs_dn=48.02
ssims_lr=0.2102, ssims_dn=0.9676
Model Name:	SonyA7S2_Mix_Unet
Architecture:	UNetSeeInDark
TrainDataset:	Mix_Dataset
EvalDataset:	ELD_Dataset
CameraType:	SonyA7S2
num_channels:	32
BatchSize:	1
PatchSize:	512
LearningRate:	0.0001
Epoch:		1800
num_workers:	4
Command:	augv1.2, idremap, darkshading2
Let's use 4 GPUs!
2022-11-09 10:57:20 >>  Epoch 700: PSNR=47.28
psnrs_lr=27.15, psnrs_dn=47.28
ssims_lr=0.2102, ssims_dn=0.9499
2022-11-09 11:59:58 >>  Epoch 800: PSNR=47.34
psnrs_lr=27.15, psnrs_dn=47.34
ssims_lr=0.2102, ssims_dn=0.9442
2022-11-09 12:51:03 >>  Epoch 900: PSNR=48.59
psnrs_lr=27.15, psnrs_dn=48.59
ssims_lr=0.2102, ssims_dn=0.9750
2022-11-09 13:32:50 >>  Epoch 1000: PSNR=47.91
psnrs_lr=27.15, psnrs_dn=47.91
ssims_lr=0.2102, ssims_dn=0.9599
2022-11-09 14:14:39 >>  Epoch 1100: PSNR=48.03
psnrs_lr=27.15, psnrs_dn=48.03
ssims_lr=0.2102, ssims_dn=0.9651
2022-11-09 15:05:21 >>  Epoch 1200: PSNR=46.74
psnrs_lr=27.15, psnrs_dn=46.74
ssims_lr=0.2102, ssims_dn=0.9350
2022-11-09 15:05:21 >>  Successfully reload best model (Eval PSNR:48.59094558583121)
2022-11-09 16:09:50 >>  Epoch 1300: PSNR=47.16
psnrs_lr=27.15, psnrs_dn=47.16
ssims_lr=0.2102, ssims_dn=0.9538
2022-11-09 17:11:37 >>  Epoch 1400: PSNR=47.43
psnrs_lr=27.15, psnrs_dn=47.43
ssims_lr=0.2102, ssims_dn=0.9509
2022-11-09 18:09:52 >>  Epoch 1500: PSNR=47.76
psnrs_lr=27.15, psnrs_dn=47.76
ssims_lr=0.2102, ssims_dn=0.9565
2022-11-09 19:13:33 >>  Epoch 1600: PSNR=47.84
psnrs_lr=27.15, psnrs_dn=47.84
ssims_lr=0.2102, ssims_dn=0.9625
Model Name:	SonyA7S2_Mix_Unet
Architecture:	UNetSeeInDark
TrainDataset:	Mix_Dataset
EvalDataset:	ELD_Dataset
CameraType:	SonyA7S2
num_channels:	32
BatchSize:	1
PatchSize:	512
LearningRate:	0.0001
Epoch:		1800
num_workers:	4
Command:	augv1.2, idremap, darkshading2
Let's use 4 GPUs!
Model Name:	SonyA7S2_Mix_Unet
Architecture:	UNetSeeInDark
TrainDataset:	Mix_Dataset
EvalDataset:	ELD_Dataset
CameraType:	SonyA7S2
num_channels:	32
BatchSize:	1
PatchSize:	512
LearningRate:	0.0001
Epoch:		1800
num_workers:	4
Command:	augv1.2, idremap, darkshading2
Let's use 4 GPUs!
Model Name:	SonyA7S2_Mix_Unet
Architecture:	UNetSeeInDark
TrainDataset:	Mix_Dataset
EvalDataset:	ELD_Dataset
CameraType:	SonyA7S2
num_channels:	32
BatchSize:	1
PatchSize:	512
LearningRate:	0.0001
Epoch:		1800
num_workers:	4
Command:	augv1.2, idremap, darkshading2
Let's use 4 GPUs!
Model Name:	SonyA7S2_Mix_Unet
Architecture:	UNetSeeInDark
TrainDataset:	Mix_Dataset
EvalDataset:	ELD_Dataset
CameraType:	SonyA7S2
num_channels:	32
BatchSize:	1
PatchSize:	512
LearningRate:	0.0001
Epoch:		1800
num_workers:	4
Command:	augv1.2, idremap, darkshading2
Let's use 4 GPUs!
Model Name:	SonyA7S2_Mix_Unet
Architecture:	UNetSeeInDark
TrainDataset:	Mix_Dataset
EvalDataset:	ELD_Dataset
CameraType:	SonyA7S2
num_channels:	32
BatchSize:	1
PatchSize:	512
LearningRate:	0.0002
Epoch:		1800
num_workers:	4
Command:	augv1.2, idremap, darkshading2
Let's use 2 GPUs!
Model Name:	SonyA7S2_Mix_Unet
Architecture:	UNetSeeInDark
TrainDataset:	Mix_Dataset
EvalDataset:	ELD_Dataset
CameraType:	SonyA7S2
num_channels:	32
BatchSize:	1
PatchSize:	512
LearningRate:	0.0002
Epoch:		1800
num_workers:	4
Command:	augv1.2, idremap, darkshading2
Let's use 2 GPUs!
2024-01-18 09:20:53 >>  ELD Datasets: Dgain=100
Model Name:	SonyA7S2_Mix_Unet
Architecture:	UNetSeeInDark
TrainDataset:	Mix_Dataset
EvalDataset:	ELD_Dataset
CameraType:	SonyA7S2
num_channels:	32
BatchSize:	1
PatchSize:	512
LearningRate:	0.0002
Epoch:		1800
num_workers:	4
Command:	augv1.2, idremap, darkshading2
Let's use 2 GPUs!
2024-01-18 09:23:36 >>  ELD Datasets: Dgain=100
Model Name:	SonyA7S2_Mix_Unet
Architecture:	UNetSeeInDark
TrainDataset:	Mix_Dataset
EvalDataset:	ELD_Dataset
CameraType:	SonyA7S2
num_channels:	32
BatchSize:	1
PatchSize:	512
LearningRate:	0.0002
Epoch:		1800
num_workers:	4
Command:	augv1.2, idremap, darkshading2
Let's use 2 GPUs!
2024-01-18 09:24:53 >>  ELD Datasets: Dgain=100
