Model Name:	SonyA7S2_My_Unet_L2
Architecture:	Unet
TrainDataset:	Mix_Dataset
EvalDataset:	ELD_Dataset
CameraType:	SonyA7S2
num_channels:	32
BatchSize:	1
PatchSize:	512
LearningRate:	0.0002
Epoch:		1800
num_workers:	4
Command:	augv1.2, idremap, darkshading2
Let's use 1 GPUs!
Model Name:	SonyA7S2_My_Unet_L2
Architecture:	Unet
TrainDataset:	Mix_Dataset
EvalDataset:	ELD_Dataset
CameraType:	SonyA7S2
num_channels:	32
BatchSize:	1
PatchSize:	512
LearningRate:	0.0002
Epoch:		1800
num_workers:	4
Command:	augv1.2, idremap, darkshading2
Let's use 0 GPUs!
Model Name:	SonyA7S2_My_Unet_L2
Architecture:	Unet
TrainDataset:	Mix_Dataset
EvalDataset:	ELD_Dataset
CameraType:	SonyA7S2
num_channels:	32
BatchSize:	1
PatchSize:	512
LearningRate:	0.0002
Epoch:		1800
num_workers:	4
Command:	augv1.2, idremap, darkshading2
Let's use 1 GPUs!
Model Name:	SonyA7S2_My_Unet_L2
Architecture:	Unet
TrainDataset:	Mix_Dataset
EvalDataset:	ELD_Dataset
CameraType:	SonyA7S2
num_channels:	32
BatchSize:	1
PatchSize:	512
LearningRate:	0.0002
Epoch:		1800
num_workers:	4
Command:	augv1.2, idremap, darkshading2
Let's use 1 GPUs!
